<?xml version="1.0" encoding="UTF-8"?>
<!-- Generated by org.testng.reporters.JUnitXMLReporter -->
<testsuite hostname="LAPTOP-D3LBDK0S" ignored="3" name="Test" tests="1" failures="1" timestamp="09 Mar 2019 10:03:49 GMT" time="0.042" errors="0">
  <testcase name="t2" time="0.013" classname="org.maven.automation.qauto.testscripts.TngunitClass1">
    <failure type="java.lang.AssertionError" message="expected [false] but found [true]">
      <![CDATA[java.lang.AssertionError: expected [false] but found [true]
	at org.maven.automation.qauto.testscripts.TngunitClass1.t2(TngunitClass1.java:43)
... Removed 31 stack frames]]>
    </failure>
  </testcase> <!-- t2 -->
  <testcase name="t1" time="0.0" classname="org.maven.automation.qauto.testscripts.TngunitClass1">
    <ignored/>
  </testcase> <!-- t1 -->
  <testcase name="t5" time="0.0" classname="org.maven.automation.qauto.testscripts.TngunitClass1">
    <ignored/>
  </testcase> <!-- t5 -->
  <testcase name="t3" time="0.0" classname="org.maven.automation.qauto.testscripts.TngunitClass1">
    <ignored/>
  </testcase> <!-- t3 -->
</testsuite> <!-- Test -->
